[2.611s] Invoking command in '/home/maav/px4_multi_vehicle_offboard/build/px4_multi_plan': PYTHONPATH=/home/maav/px4_multi_vehicle_offboard/build/px4_multi_plan/prefix_override:/usr/lib/python3/dist-packages/colcon_core/task/python/colcon_distutils_commands:/home/maav/px4_multi_vehicle_offboard/install/px4_multi_plan/lib/python3.10/site-packages:${PYTHONPATH} /usr/bin/python3 -W ignore:setup.py install is deprecated setup.py develop --editable --build-directory /home/maav/px4_multi_vehicle_offboard/build/px4_multi_plan/build --no-deps symlink_data
[3.953s] running develop
[3.953s] /home/maav/.local/lib/python3.10/site-packages/setuptools/command/develop.py:41: EasyInstallDeprecationWarning: easy_install command is deprecated.
[3.954s] !!
[3.954s] 
[3.954s]         ********************************************************************************
[3.954s]         Please avoid running ``setup.py`` and ``easy_install``.
[3.955s]         Instead, use pypa/build, pypa/installer or other
[3.955s]         standards-based tools.
[3.955s] 
[3.955s]         See https://github.com/pypa/setuptools/issues/917 for details.
[3.956s]         ********************************************************************************
[3.956s] 
[3.956s] !!
[3.956s]   easy_install.initialize_options(self)
[4.908s] running egg_info
[4.976s] writing px4_multi_plan.egg-info/PKG-INFO
[4.977s] writing dependency_links to px4_multi_plan.egg-info/dependency_links.txt
[4.978s] writing entry points to px4_multi_plan.egg-info/entry_points.txt
[4.978s] writing requirements to px4_multi_plan.egg-info/requires.txt
[4.979s] writing top-level names to px4_multi_plan.egg-info/top_level.txt
[5.121s] reading manifest file 'px4_multi_plan.egg-info/SOURCES.txt'
[5.126s] writing manifest file 'px4_multi_plan.egg-info/SOURCES.txt'
[5.201s] running build_ext
[5.201s] Creating /home/maav/px4_multi_vehicle_offboard/install/px4_multi_plan/lib/python3.10/site-packages/px4-multi-plan.egg-link (link to .)
[5.205s] Installing control script to /home/maav/px4_multi_vehicle_offboard/install/px4_multi_plan/lib/px4_multi_plan
[5.205s] Installing offboard_control script to /home/maav/px4_multi_vehicle_offboard/install/px4_multi_plan/lib/px4_multi_plan
[5.206s] Installing processes script to /home/maav/px4_multi_vehicle_offboard/install/px4_multi_plan/lib/px4_multi_plan
[5.207s] Installing simulation_node script to /home/maav/px4_multi_vehicle_offboard/install/px4_multi_plan/lib/px4_multi_plan
[5.208s] Installing velocity_control_1 script to /home/maav/px4_multi_vehicle_offboard/install/px4_multi_plan/lib/px4_multi_plan
[5.209s] Installing velocity_control_2 script to /home/maav/px4_multi_vehicle_offboard/install/px4_multi_plan/lib/px4_multi_plan
[5.210s] Installing velocity_control_3 script to /home/maav/px4_multi_vehicle_offboard/install/px4_multi_plan/lib/px4_multi_plan
[5.211s] 
[5.211s] Installed /home/maav/px4_multi_vehicle_offboard/build/px4_multi_plan
[5.212s] running symlink_data
[5.297s] Invoked command in '/home/maav/px4_multi_vehicle_offboard/build/px4_multi_plan' returned '0': PYTHONPATH=/home/maav/px4_multi_vehicle_offboard/build/px4_multi_plan/prefix_override:/usr/lib/python3/dist-packages/colcon_core/task/python/colcon_distutils_commands:/home/maav/px4_multi_vehicle_offboard/install/px4_multi_plan/lib/python3.10/site-packages:${PYTHONPATH} /usr/bin/python3 -W ignore:setup.py install is deprecated setup.py develop --editable --build-directory /home/maav/px4_multi_vehicle_offboard/build/px4_multi_plan/build --no-deps symlink_data
