running develop
running egg_info
writing px4_multi_plan.egg-info/PKG-INFO
writing dependency_links to px4_multi_plan.egg-info/dependency_links.txt
writing entry points to px4_multi_plan.egg-info/entry_points.txt
writing requirements to px4_multi_plan.egg-info/requires.txt
writing top-level names to px4_multi_plan.egg-info/top_level.txt
reading manifest file 'px4_multi_plan.egg-info/SOURCES.txt'
writing manifest file 'px4_multi_plan.egg-info/SOURCES.txt'
running build_ext
Creating /home/maav/px4_multi_vehicle_offboard/install/px4_multi_plan/lib/python3.10/site-packages/px4-multi-plan.egg-link (link to .)
Installing control script to /home/maav/px4_multi_vehicle_offboard/install/px4_multi_plan/lib/px4_multi_plan
Installing offboard_control script to /home/maav/px4_multi_vehicle_offboard/install/px4_multi_plan/lib/px4_multi_plan
Installing processes script to /home/maav/px4_multi_vehicle_offboard/install/px4_multi_plan/lib/px4_multi_plan
Installing simulation_node script to /home/maav/px4_multi_vehicle_offboard/install/px4_multi_plan/lib/px4_multi_plan
Installing velocity_control_1 script to /home/maav/px4_multi_vehicle_offboard/install/px4_multi_plan/lib/px4_multi_plan
Installing velocity_control_2 script to /home/maav/px4_multi_vehicle_offboard/install/px4_multi_plan/lib/px4_multi_plan
Installing velocity_control_3 script to /home/maav/px4_multi_vehicle_offboard/install/px4_multi_plan/lib/px4_multi_plan
Installing velocity_control_4 script to /home/maav/px4_multi_vehicle_offboard/install/px4_multi_plan/lib/px4_multi_plan

Installed /home/maav/px4_multi_vehicle_offboard/build/px4_multi_plan
running symlink_data
symbolically linking /home/maav/px4_multi_vehicle_offboard/build/px4_multi_plan/resource/waypoints_circular.yaml -> /home/maav/px4_multi_vehicle_offboard/install/px4_multi_plan/share/px4_multi_plan
