[3.239s] Invoking command in '/home/maav/px4_multi_vehicle_offboard/build/px4_multi_plan': PYTHONPATH=/home/maav/px4_multi_vehicle_offboard/build/px4_multi_plan/prefix_override:/usr/lib/python3/dist-packages/colcon_core/task/python/colcon_distutils_commands:/home/maav/px4_multi_vehicle_offboard/install/px4_multi_plan/lib/python3.10/site-packages:${PYTHONPATH} /usr/bin/python3 -W ignore:setup.py install is deprecated setup.py develop --editable --build-directory /home/maav/px4_multi_vehicle_offboard/build/px4_multi_plan/build --no-deps symlink_data
[4.682s] running develop
[4.683s] /home/maav/.local/lib/python3.10/site-packages/setuptools/command/develop.py:41: EasyInstallDeprecationWarning: easy_install command is deprecated.
[4.683s] !!
[4.684s] 
[4.684s]         ********************************************************************************
[4.685s]         Please avoid running ``setup.py`` and ``easy_install``.
[4.685s]         Instead, use pypa/build, pypa/installer or other
[4.686s]         standards-based tools.
[4.686s] 
[4.687s]         See https://github.com/pypa/setuptools/issues/917 for details.
[4.687s]         ********************************************************************************
[4.688s] 
[4.688s] !!
[4.689s]   easy_install.initialize_options(self)
[5.673s] running egg_info
[5.753s] writing px4_multi_plan.egg-info/PKG-INFO
[5.755s] writing dependency_links to px4_multi_plan.egg-info/dependency_links.txt
[5.756s] writing entry points to px4_multi_plan.egg-info/entry_points.txt
[5.757s] writing requirements to px4_multi_plan.egg-info/requires.txt
[5.757s] writing top-level names to px4_multi_plan.egg-info/top_level.txt
[5.922s] reading manifest file 'px4_multi_plan.egg-info/SOURCES.txt'
[5.930s] writing manifest file 'px4_multi_plan.egg-info/SOURCES.txt'
[6.016s] running build_ext
[6.017s] Creating /home/maav/px4_multi_vehicle_offboard/install/px4_multi_plan/lib/python3.10/site-packages/px4-multi-plan.egg-link (link to .)
[6.020s] Installing control script to /home/maav/px4_multi_vehicle_offboard/install/px4_multi_plan/lib/px4_multi_plan
[6.021s] Installing offboard_control script to /home/maav/px4_multi_vehicle_offboard/install/px4_multi_plan/lib/px4_multi_plan
[6.022s] Installing processes script to /home/maav/px4_multi_vehicle_offboard/install/px4_multi_plan/lib/px4_multi_plan
[6.023s] Installing simulation_node script to /home/maav/px4_multi_vehicle_offboard/install/px4_multi_plan/lib/px4_multi_plan
[6.023s] Installing velocity_control_1 script to /home/maav/px4_multi_vehicle_offboard/install/px4_multi_plan/lib/px4_multi_plan
[6.024s] Installing velocity_control_2 script to /home/maav/px4_multi_vehicle_offboard/install/px4_multi_plan/lib/px4_multi_plan
[6.025s] Installing velocity_control_3 script to /home/maav/px4_multi_vehicle_offboard/install/px4_multi_plan/lib/px4_multi_plan
[6.026s] Installing velocity_control_4 script to /home/maav/px4_multi_vehicle_offboard/install/px4_multi_plan/lib/px4_multi_plan
[6.027s] 
[6.028s] Installed /home/maav/px4_multi_vehicle_offboard/build/px4_multi_plan
[6.028s] running symlink_data
[6.033s] symbolically linking /home/maav/px4_multi_vehicle_offboard/build/px4_multi_plan/resource/waypoints_circular.yaml -> /home/maav/px4_multi_vehicle_offboard/install/px4_multi_plan/share/px4_multi_plan
[6.130s] Invoked command in '/home/maav/px4_multi_vehicle_offboard/build/px4_multi_plan' returned '0': PYTHONPATH=/home/maav/px4_multi_vehicle_offboard/build/px4_multi_plan/prefix_override:/usr/lib/python3/dist-packages/colcon_core/task/python/colcon_distutils_commands:/home/maav/px4_multi_vehicle_offboard/install/px4_multi_plan/lib/python3.10/site-packages:${PYTHONPATH} /usr/bin/python3 -W ignore:setup.py install is deprecated setup.py develop --editable --build-directory /home/maav/px4_multi_vehicle_offboard/build/px4_multi_plan/build --no-deps symlink_data
