[0.438s] DEBUG:colcon:Command line arguments: ['/usr/bin/colcon', 'build', '--symlink-install', '--packages-select', 'px4_multi_plan', 'px4_single_plan~']
[0.438s] DEBUG:colcon:Parsed command line arguments: Namespace(log_base=None, log_level=None, verb_name='build', build_base='build', install_base='install', merge_install=False, symlink_install=True, test_result_base=None, continue_on_error=False, executor='parallel', parallel_workers=8, event_handlers=None, ignore_user_meta=False, metas=['./colcon.meta'], base_paths=['.'], packages_ignore=None, packages_ignore_regex=None, paths=None, packages_up_to=None, packages_up_to_regex=None, packages_above=None, packages_above_and_dependencies=None, packages_above_depth=None, packages_select_by_dep=None, packages_skip_by_dep=None, packages_skip_up_to=None, packages_select_build_failed=False, packages_skip_build_finished=False, packages_select_test_failures=False, packages_skip_test_passed=False, packages_select=['px4_multi_plan', 'px4_single_plan~'], packages_skip=None, packages_select_regex=None, packages_skip_regex=None, packages_start=None, packages_end=None, allow_overriding=[], cmake_args=None, cmake_target=None, cmake_target_skip_unavailable=False, cmake_clean_cache=False, cmake_clean_first=False, cmake_force_configure=False, ament_cmake_args=None, catkin_cmake_args=None, catkin_skip_building_tests=False, mixin_files=None, mixin=None, verb_parser=<colcon_mixin.mixin.mixin_argument.MixinArgumentDecorator object at 0x73dbe2466fb0>, verb_extension=<colcon_core.verb.build.BuildVerb object at 0x73dbe256b850>, main=<bound method BuildVerb.main of <colcon_core.verb.build.BuildVerb object at 0x73dbe256b850>>, mixin_verb=('build',))
[0.586s] Level 1:colcon.colcon_core.package_discovery:discover_packages(colcon_meta) check parameters
[0.586s] Level 1:colcon.colcon_core.package_discovery:discover_packages(recursive) check parameters
[0.586s] Level 1:colcon.colcon_core.package_discovery:discover_packages(ignore) check parameters
[0.586s] Level 1:colcon.colcon_core.package_discovery:discover_packages(path) check parameters
[0.586s] Level 1:colcon.colcon_core.package_discovery:discover_packages(colcon_meta) discover
[0.587s] Level 1:colcon.colcon_core.package_discovery:discover_packages(recursive) discover
[0.587s] INFO:colcon.colcon_core.package_discovery:Crawling recursively for packages in '/home/maav/px4_multi_vehicle_offboard'
[0.587s] Level 1:colcon.colcon_core.package_identification:_identify(.) by extensions ['ignore', 'ignore_ament_install']
[0.587s] Level 1:colcon.colcon_core.package_identification:_identify(.) by extension 'ignore'
[0.588s] Level 1:colcon.colcon_core.package_identification:_identify(.) by extension 'ignore_ament_install'
[0.588s] Level 1:colcon.colcon_core.package_identification:_identify(.) by extensions ['colcon_pkg']
[0.588s] Level 1:colcon.colcon_core.package_identification:_identify(.) by extension 'colcon_pkg'
[0.588s] Level 1:colcon.colcon_core.package_identification:_identify(.) by extensions ['colcon_meta']
[0.588s] Level 1:colcon.colcon_core.package_identification:_identify(.) by extension 'colcon_meta'
[0.588s] Level 1:colcon.colcon_core.package_identification:_identify(.) by extensions ['ros']
[0.589s] Level 1:colcon.colcon_core.package_identification:_identify(.) by extension 'ros'
[0.644s] Level 1:colcon.colcon_core.package_identification:_identify(.) by extensions ['cmake', 'python']
[0.644s] Level 1:colcon.colcon_core.package_identification:_identify(.) by extension 'cmake'
[0.644s] Level 1:colcon.colcon_core.package_identification:_identify(.) by extension 'python'
[0.644s] Level 1:colcon.colcon_core.package_identification:_identify(.) by extensions ['python_setup_py']
[0.644s] Level 1:colcon.colcon_core.package_identification:_identify(.) by extension 'python_setup_py'
[0.645s] Level 1:colcon.colcon_core.package_identification:_identify(build) by extensions ['ignore', 'ignore_ament_install']
[0.645s] Level 1:colcon.colcon_core.package_identification:_identify(build) by extension 'ignore'
[0.645s] Level 1:colcon.colcon_core.package_identification:_identify(build) ignored
[0.646s] Level 1:colcon.colcon_core.package_identification:_identify(install) by extensions ['ignore', 'ignore_ament_install']
[0.646s] Level 1:colcon.colcon_core.package_identification:_identify(install) by extension 'ignore'
[0.646s] Level 1:colcon.colcon_core.package_identification:_identify(install) ignored
[0.647s] Level 1:colcon.colcon_core.package_identification:_identify(log) by extensions ['ignore', 'ignore_ament_install']
[0.647s] Level 1:colcon.colcon_core.package_identification:_identify(log) by extension 'ignore'
[0.647s] Level 1:colcon.colcon_core.package_identification:_identify(log) ignored
[0.647s] Level 1:colcon.colcon_core.package_identification:_identify(px4_msgs) by extensions ['ignore', 'ignore_ament_install']
[0.648s] Level 1:colcon.colcon_core.package_identification:_identify(px4_msgs) by extension 'ignore'
[0.648s] Level 1:colcon.colcon_core.package_identification:_identify(px4_msgs) by extension 'ignore_ament_install'
[0.648s] Level 1:colcon.colcon_core.package_identification:_identify(px4_msgs) by extensions ['colcon_pkg']
[0.648s] Level 1:colcon.colcon_core.package_identification:_identify(px4_msgs) by extension 'colcon_pkg'
[0.648s] Level 1:colcon.colcon_core.package_identification:_identify(px4_msgs) by extensions ['colcon_meta']
[0.649s] Level 1:colcon.colcon_core.package_identification:_identify(px4_msgs) by extension 'colcon_meta'
[0.649s] Level 1:colcon.colcon_core.package_identification:_identify(px4_msgs) by extensions ['ros']
[0.649s] Level 1:colcon.colcon_core.package_identification:_identify(px4_msgs) by extension 'ros'
[0.649s] Level 1:colcon.colcon_core.package_identification:_identify(px4_msgs) by extensions ['cmake', 'python']
[0.649s] Level 1:colcon.colcon_core.package_identification:_identify(px4_msgs) by extension 'cmake'
[0.649s] Level 1:colcon.colcon_core.package_identification:_identify(px4_msgs) by extension 'python'
[0.650s] Level 1:colcon.colcon_core.package_identification:_identify(px4_msgs) by extensions ['python_setup_py']
[0.650s] Level 1:colcon.colcon_core.package_identification:_identify(px4_msgs) by extension 'python_setup_py'
[0.650s] Level 1:colcon.colcon_core.package_identification:_identify(px4_multi_plan) by extensions ['ignore', 'ignore_ament_install']
[0.650s] Level 1:colcon.colcon_core.package_identification:_identify(px4_multi_plan) by extension 'ignore'
[0.651s] Level 1:colcon.colcon_core.package_identification:_identify(px4_multi_plan) by extension 'ignore_ament_install'
[0.651s] Level 1:colcon.colcon_core.package_identification:_identify(px4_multi_plan) by extensions ['colcon_pkg']
[0.651s] Level 1:colcon.colcon_core.package_identification:_identify(px4_multi_plan) by extension 'colcon_pkg'
[0.651s] Level 1:colcon.colcon_core.package_identification:_identify(px4_multi_plan) by extensions ['colcon_meta']
[0.652s] Level 1:colcon.colcon_core.package_identification:_identify(px4_multi_plan) by extension 'colcon_meta'
[0.652s] Level 1:colcon.colcon_core.package_identification:_identify(px4_multi_plan) by extensions ['ros']
[0.652s] Level 1:colcon.colcon_core.package_identification:_identify(px4_multi_plan) by extension 'ros'
[0.661s] DEBUG:colcon.colcon_core.package_identification:Package 'px4_multi_plan' with type 'ros.ament_python' and name 'px4_multi_plan'
[0.662s] Level 1:colcon.colcon_core.package_identification:_identify(px4_single_plan) by extensions ['ignore', 'ignore_ament_install']
[0.662s] Level 1:colcon.colcon_core.package_identification:_identify(px4_single_plan) by extension 'ignore'
[0.662s] Level 1:colcon.colcon_core.package_identification:_identify(px4_single_plan) by extension 'ignore_ament_install'
[0.662s] Level 1:colcon.colcon_core.package_identification:_identify(px4_single_plan) by extensions ['colcon_pkg']
[0.663s] Level 1:colcon.colcon_core.package_identification:_identify(px4_single_plan) by extension 'colcon_pkg'
[0.663s] Level 1:colcon.colcon_core.package_identification:_identify(px4_single_plan) by extensions ['colcon_meta']
[0.663s] Level 1:colcon.colcon_core.package_identification:_identify(px4_single_plan) by extension 'colcon_meta'
[0.663s] Level 1:colcon.colcon_core.package_identification:_identify(px4_single_plan) by extensions ['ros']
[0.663s] Level 1:colcon.colcon_core.package_identification:_identify(px4_single_plan) by extension 'ros'
[0.665s] DEBUG:colcon.colcon_core.package_identification:Package 'px4_single_plan' with type 'ros.ament_python' and name 'px4_single_plan'
[0.666s] Level 1:colcon.colcon_core.package_discovery:discover_packages(recursive) using defaults
[0.666s] Level 1:colcon.colcon_core.package_discovery:discover_packages(ignore) discover
[0.666s] Level 1:colcon.colcon_core.package_discovery:discover_packages(ignore) using defaults
[0.666s] Level 1:colcon.colcon_core.package_discovery:discover_packages(path) discover
[0.666s] Level 1:colcon.colcon_core.package_discovery:discover_packages(path) using defaults
[0.667s] WARNING:colcon.colcon_core.package_selection:ignoring unknown package 'px4_single_plan~' in --packages-select
[0.745s] INFO:colcon.colcon_core.package_selection:Skipping not selected package 'px4_single_plan' in 'px4_single_plan'
[0.747s] Level 1:colcon.colcon_core.package_discovery:discover_packages(prefix_path) check parameters
[0.747s] Level 1:colcon.colcon_core.package_discovery:discover_packages(prefix_path) discover
[0.754s] DEBUG:colcon.colcon_installed_package_information.package_discovery:Found 2 installed packages in /home/maav/px4_ros_com_ws/install
[0.755s] DEBUG:colcon.colcon_installed_package_information.package_discovery:Found 2 installed packages in /home/maav/IARC_mission_10/software_ws/install
[0.761s] DEBUG:colcon.colcon_installed_package_information.package_discovery:Found 270 installed packages in /opt/ros/humble
[0.766s] Level 1:colcon.colcon_core.package_discovery:discover_packages(prefix_path) using defaults
[0.898s] Level 5:colcon.colcon_core.verb:set package 'px4_multi_plan' build argument 'cmake_args' from command line to 'None'
[0.898s] Level 5:colcon.colcon_core.verb:set package 'px4_multi_plan' build argument 'cmake_target' from command line to 'None'
[0.898s] Level 5:colcon.colcon_core.verb:set package 'px4_multi_plan' build argument 'cmake_target_skip_unavailable' from command line to 'False'
[0.898s] Level 5:colcon.colcon_core.verb:set package 'px4_multi_plan' build argument 'cmake_clean_cache' from command line to 'False'
[0.899s] Level 5:colcon.colcon_core.verb:set package 'px4_multi_plan' build argument 'cmake_clean_first' from command line to 'False'
[0.899s] Level 5:colcon.colcon_core.verb:set package 'px4_multi_plan' build argument 'cmake_force_configure' from command line to 'False'
[0.899s] Level 5:colcon.colcon_core.verb:set package 'px4_multi_plan' build argument 'ament_cmake_args' from command line to 'None'
[0.899s] Level 5:colcon.colcon_core.verb:set package 'px4_multi_plan' build argument 'catkin_cmake_args' from command line to 'None'
[0.899s] Level 5:colcon.colcon_core.verb:set package 'px4_multi_plan' build argument 'catkin_skip_building_tests' from command line to 'False'
[0.899s] DEBUG:colcon.colcon_core.verb:Building package 'px4_multi_plan' with the following arguments: {'ament_cmake_args': None, 'build_base': '/home/maav/px4_multi_vehicle_offboard/build/px4_multi_plan', 'catkin_cmake_args': None, 'catkin_skip_building_tests': False, 'cmake_args': None, 'cmake_clean_cache': False, 'cmake_clean_first': False, 'cmake_force_configure': False, 'cmake_target': None, 'cmake_target_skip_unavailable': False, 'install_base': '/home/maav/px4_multi_vehicle_offboard/install/px4_multi_plan', 'merge_install': False, 'path': '/home/maav/px4_multi_vehicle_offboard/px4_multi_plan', 'symlink_install': True, 'test_result_base': None}
[0.899s] INFO:colcon.colcon_core.executor:Executing jobs using 'parallel' executor
[0.902s] DEBUG:colcon.colcon_parallel_executor.executor.parallel:run_until_complete
[0.903s] INFO:colcon.colcon_ros.task.ament_python.build:Building ROS package in '/home/maav/px4_multi_vehicle_offboard/px4_multi_plan' with build type 'ament_python'
[0.903s] Level 1:colcon.colcon_core.shell:create_environment_hook('px4_multi_plan', 'ament_prefix_path')
[0.910s] INFO:colcon.colcon_core.plugin_system:Skipping extension 'colcon_core.shell.bat': Not used on non-Windows systems
[0.911s] INFO:colcon.colcon_core.shell:Creating environment hook '/home/maav/px4_multi_vehicle_offboard/install/px4_multi_plan/share/px4_multi_plan/hook/ament_prefix_path.ps1'
[0.913s] INFO:colcon.colcon_core.shell:Creating environment descriptor '/home/maav/px4_multi_vehicle_offboard/install/px4_multi_plan/share/px4_multi_plan/hook/ament_prefix_path.dsv'
[0.914s] INFO:colcon.colcon_core.shell:Creating environment hook '/home/maav/px4_multi_vehicle_offboard/install/px4_multi_plan/share/px4_multi_plan/hook/ament_prefix_path.sh'
[0.917s] INFO:colcon.colcon_core.shell:Skip shell extension 'powershell' for command environment: Not usable outside of PowerShell
[0.917s] DEBUG:colcon.colcon_core.shell:Skip shell extension 'dsv' for command environment
[1.695s] INFO:colcon.colcon_core.task.python.build:Building Python package in '/home/maav/px4_multi_vehicle_offboard/px4_multi_plan'
[1.696s] INFO:colcon.colcon_core.shell:Skip shell extension 'powershell' for command environment: Not usable outside of PowerShell
[1.697s] DEBUG:colcon.colcon_core.shell:Skip shell extension 'dsv' for command environment
[3.709s] DEBUG:colcon.colcon_core.event_handler.log_command:Invoking command in '/home/maav/px4_multi_vehicle_offboard/build/px4_multi_plan': PYTHONPATH=/home/maav/px4_multi_vehicle_offboard/build/px4_multi_plan/prefix_override:/usr/lib/python3/dist-packages/colcon_core/task/python/colcon_distutils_commands:/home/maav/px4_multi_vehicle_offboard/install/px4_multi_plan/lib/python3.10/site-packages:${PYTHONPATH} /usr/bin/python3 -W ignore:setup.py install is deprecated setup.py develop --editable --build-directory /home/maav/px4_multi_vehicle_offboard/build/px4_multi_plan/build --no-deps symlink_data
[6.345s] Level 1:colcon.colcon_core.shell:create_environment_hook('px4_multi_plan', 'pythonpath_develop')
[6.346s] INFO:colcon.colcon_core.shell:Creating environment hook '/home/maav/px4_multi_vehicle_offboard/build/px4_multi_plan/share/px4_multi_plan/hook/pythonpath_develop.ps1'
[6.348s] DEBUG:colcon.colcon_core.event_handler.log_command:Invoked command in '/home/maav/px4_multi_vehicle_offboard/build/px4_multi_plan' returned '0': PYTHONPATH=/home/maav/px4_multi_vehicle_offboard/build/px4_multi_plan/prefix_override:/usr/lib/python3/dist-packages/colcon_core/task/python/colcon_distutils_commands:/home/maav/px4_multi_vehicle_offboard/install/px4_multi_plan/lib/python3.10/site-packages:${PYTHONPATH} /usr/bin/python3 -W ignore:setup.py install is deprecated setup.py develop --editable --build-directory /home/maav/px4_multi_vehicle_offboard/build/px4_multi_plan/build --no-deps symlink_data
[6.349s] INFO:colcon.colcon_core.shell:Creating environment descriptor '/home/maav/px4_multi_vehicle_offboard/build/px4_multi_plan/share/px4_multi_plan/hook/pythonpath_develop.dsv'
[6.350s] INFO:colcon.colcon_core.shell:Creating environment hook '/home/maav/px4_multi_vehicle_offboard/build/px4_multi_plan/share/px4_multi_plan/hook/pythonpath_develop.sh'
[6.360s] Level 1:colcon.colcon_core.environment:checking '/home/maav/px4_multi_vehicle_offboard/install/px4_multi_plan' for CMake module files
[6.362s] Level 1:colcon.colcon_core.environment:checking '/home/maav/px4_multi_vehicle_offboard/install/px4_multi_plan' for CMake config files
[6.364s] Level 1:colcon.colcon_core.environment:checking '/home/maav/px4_multi_vehicle_offboard/install/px4_multi_plan/lib'
[6.365s] Level 1:colcon.colcon_core.environment:checking '/home/maav/px4_multi_vehicle_offboard/install/px4_multi_plan/bin'
[6.365s] Level 1:colcon.colcon_core.environment:checking '/home/maav/px4_multi_vehicle_offboard/install/px4_multi_plan/lib/pkgconfig/px4_multi_plan.pc'
[6.366s] Level 1:colcon.colcon_core.environment:checking '/home/maav/px4_multi_vehicle_offboard/install/px4_multi_plan/lib/python3.10/site-packages'
[6.366s] Level 1:colcon.colcon_core.shell:create_environment_hook('px4_multi_plan', 'pythonpath')
[6.367s] INFO:colcon.colcon_core.shell:Creating environment hook '/home/maav/px4_multi_vehicle_offboard/install/px4_multi_plan/share/px4_multi_plan/hook/pythonpath.ps1'
[6.369s] INFO:colcon.colcon_core.shell:Creating environment descriptor '/home/maav/px4_multi_vehicle_offboard/install/px4_multi_plan/share/px4_multi_plan/hook/pythonpath.dsv'
[6.370s] INFO:colcon.colcon_core.shell:Creating environment hook '/home/maav/px4_multi_vehicle_offboard/install/px4_multi_plan/share/px4_multi_plan/hook/pythonpath.sh'
[6.372s] Level 1:colcon.colcon_core.environment:checking '/home/maav/px4_multi_vehicle_offboard/install/px4_multi_plan/bin'
[6.372s] Level 1:colcon.colcon_core.environment:create_environment_scripts_only(px4_multi_plan)
[6.374s] INFO:colcon.colcon_core.shell:Creating package script '/home/maav/px4_multi_vehicle_offboard/install/px4_multi_plan/share/px4_multi_plan/package.ps1'
[6.377s] INFO:colcon.colcon_core.shell:Creating package descriptor '/home/maav/px4_multi_vehicle_offboard/install/px4_multi_plan/share/px4_multi_plan/package.dsv'
[6.379s] INFO:colcon.colcon_core.shell:Creating package script '/home/maav/px4_multi_vehicle_offboard/install/px4_multi_plan/share/px4_multi_plan/package.sh'
[6.382s] INFO:colcon.colcon_core.shell:Creating package script '/home/maav/px4_multi_vehicle_offboard/install/px4_multi_plan/share/px4_multi_plan/package.bash'
[6.384s] INFO:colcon.colcon_core.shell:Creating package script '/home/maav/px4_multi_vehicle_offboard/install/px4_multi_plan/share/px4_multi_plan/package.zsh'
[6.387s] Level 1:colcon.colcon_core.environment:create_file_with_runtime_dependencies(/home/maav/px4_multi_vehicle_offboard/install/px4_multi_plan/share/colcon-core/packages/px4_multi_plan)
[6.388s] DEBUG:colcon.colcon_parallel_executor.executor.parallel:closing loop
[6.389s] DEBUG:colcon.colcon_parallel_executor.executor.parallel:loop closed
[6.390s] DEBUG:colcon.colcon_parallel_executor.executor.parallel:run_until_complete finished with '0'
[6.390s] DEBUG:colcon.colcon_core.event_reactor:joining thread
[6.409s] INFO:colcon.colcon_core.plugin_system:Skipping extension 'colcon_notification.desktop_notification.terminal_notifier': Not used on non-Darwin systems
[6.410s] INFO:colcon.colcon_core.plugin_system:Skipping extension 'colcon_notification.desktop_notification.win32': Not used on non-Windows systems
[6.410s] INFO:colcon.colcon_notification.desktop_notification:Sending desktop notification using 'notify2'
[6.446s] DEBUG:colcon.colcon_core.event_reactor:joined thread
[6.448s] INFO:colcon.colcon_core.shell:Creating prefix script '/home/maav/px4_multi_vehicle_offboard/install/local_setup.ps1'
[6.452s] INFO:colcon.colcon_core.shell:Creating prefix util module '/home/maav/px4_multi_vehicle_offboard/install/_local_setup_util_ps1.py'
[6.457s] INFO:colcon.colcon_core.shell:Creating prefix chain script '/home/maav/px4_multi_vehicle_offboard/install/setup.ps1'
[6.463s] INFO:colcon.colcon_core.shell:Creating prefix script '/home/maav/px4_multi_vehicle_offboard/install/local_setup.sh'
[6.465s] INFO:colcon.colcon_core.shell:Creating prefix util module '/home/maav/px4_multi_vehicle_offboard/install/_local_setup_util_sh.py'
[6.468s] INFO:colcon.colcon_core.shell:Creating prefix chain script '/home/maav/px4_multi_vehicle_offboard/install/setup.sh'
[6.472s] INFO:colcon.colcon_core.shell:Creating prefix script '/home/maav/px4_multi_vehicle_offboard/install/local_setup.bash'
[6.474s] INFO:colcon.colcon_core.shell:Creating prefix chain script '/home/maav/px4_multi_vehicle_offboard/install/setup.bash'
[6.478s] INFO:colcon.colcon_core.shell:Creating prefix script '/home/maav/px4_multi_vehicle_offboard/install/local_setup.zsh'
[6.480s] INFO:colcon.colcon_core.shell:Creating prefix chain script '/home/maav/px4_multi_vehicle_offboard/install/setup.zsh'
