[0.591s] DEBUG:colcon:Command line arguments: ['/usr/bin/colcon', 'build', '--symlink-install', '--packages-select', 'px4_multi_plan']
[0.592s] DEBUG:colcon:Parsed command line arguments: Namespace(log_base=None, log_level=None, verb_name='build', build_base='build', install_base='install', merge_install=False, symlink_install=True, test_result_base=None, continue_on_error=False, executor='parallel', parallel_workers=8, event_handlers=None, ignore_user_meta=False, metas=['./colcon.meta'], base_paths=['.'], packages_ignore=None, packages_ignore_regex=None, paths=None, packages_up_to=None, packages_up_to_regex=None, packages_above=None, packages_above_and_dependencies=None, packages_above_depth=None, packages_select_by_dep=None, packages_skip_by_dep=None, packages_skip_up_to=None, packages_select_build_failed=False, packages_skip_build_finished=False, packages_select_test_failures=False, packages_skip_test_passed=False, packages_select=['px4_multi_plan'], packages_skip=None, packages_select_regex=None, packages_skip_regex=None, packages_start=None, packages_end=None, allow_overriding=[], cmake_args=None, cmake_target=None, cmake_target_skip_unavailable=False, cmake_clean_cache=False, cmake_clean_first=False, cmake_force_configure=False, ament_cmake_args=None, catkin_cmake_args=None, catkin_skip_building_tests=False, mixin_files=None, mixin=None, verb_parser=<colcon_mixin.mixin.mixin_argument.MixinArgumentDecorator object at 0x7d964cd5b010>, verb_extension=<colcon_core.verb.build.BuildVerb object at 0x7d964ce5f8b0>, main=<bound method BuildVerb.main of <colcon_core.verb.build.BuildVerb object at 0x7d964ce5f8b0>>, mixin_verb=('build',))
[0.780s] Level 1:colcon.colcon_core.package_discovery:discover_packages(colcon_meta) check parameters
[0.780s] Level 1:colcon.colcon_core.package_discovery:discover_packages(recursive) check parameters
[0.781s] Level 1:colcon.colcon_core.package_discovery:discover_packages(ignore) check parameters
[0.781s] Level 1:colcon.colcon_core.package_discovery:discover_packages(path) check parameters
[0.781s] Level 1:colcon.colcon_core.package_discovery:discover_packages(colcon_meta) discover
[0.781s] Level 1:colcon.colcon_core.package_discovery:discover_packages(recursive) discover
[0.781s] INFO:colcon.colcon_core.package_discovery:Crawling recursively for packages in '/home/maav/px4_multi_vehicle_offboard'
[0.781s] Level 1:colcon.colcon_core.package_identification:_identify(.) by extensions ['ignore', 'ignore_ament_install']
[0.782s] Level 1:colcon.colcon_core.package_identification:_identify(.) by extension 'ignore'
[0.782s] Level 1:colcon.colcon_core.package_identification:_identify(.) by extension 'ignore_ament_install'
[0.782s] Level 1:colcon.colcon_core.package_identification:_identify(.) by extensions ['colcon_pkg']
[0.782s] Level 1:colcon.colcon_core.package_identification:_identify(.) by extension 'colcon_pkg'
[0.783s] Level 1:colcon.colcon_core.package_identification:_identify(.) by extensions ['colcon_meta']
[0.783s] Level 1:colcon.colcon_core.package_identification:_identify(.) by extension 'colcon_meta'
[0.783s] Level 1:colcon.colcon_core.package_identification:_identify(.) by extensions ['ros']
[0.783s] Level 1:colcon.colcon_core.package_identification:_identify(.) by extension 'ros'
[0.840s] Level 1:colcon.colcon_core.package_identification:_identify(.) by extensions ['cmake', 'python']
[0.841s] Level 1:colcon.colcon_core.package_identification:_identify(.) by extension 'cmake'
[0.841s] Level 1:colcon.colcon_core.package_identification:_identify(.) by extension 'python'
[0.841s] Level 1:colcon.colcon_core.package_identification:_identify(.) by extensions ['python_setup_py']
[0.841s] Level 1:colcon.colcon_core.package_identification:_identify(.) by extension 'python_setup_py'
[0.841s] Level 1:colcon.colcon_core.package_identification:_identify(build) by extensions ['ignore', 'ignore_ament_install']
[0.842s] Level 1:colcon.colcon_core.package_identification:_identify(build) by extension 'ignore'
[0.842s] Level 1:colcon.colcon_core.package_identification:_identify(build) ignored
[0.842s] Level 1:colcon.colcon_core.package_identification:_identify(install) by extensions ['ignore', 'ignore_ament_install']
[0.843s] Level 1:colcon.colcon_core.package_identification:_identify(install) by extension 'ignore'
[0.843s] Level 1:colcon.colcon_core.package_identification:_identify(install) ignored
[0.843s] Level 1:colcon.colcon_core.package_identification:_identify(log) by extensions ['ignore', 'ignore_ament_install']
[0.843s] Level 1:colcon.colcon_core.package_identification:_identify(log) by extension 'ignore'
[0.844s] Level 1:colcon.colcon_core.package_identification:_identify(log) ignored
[0.844s] Level 1:colcon.colcon_core.package_identification:_identify(px4_msgs) by extensions ['ignore', 'ignore_ament_install']
[0.844s] Level 1:colcon.colcon_core.package_identification:_identify(px4_msgs) by extension 'ignore'
[0.844s] Level 1:colcon.colcon_core.package_identification:_identify(px4_msgs) by extension 'ignore_ament_install'
[0.845s] Level 1:colcon.colcon_core.package_identification:_identify(px4_msgs) by extensions ['colcon_pkg']
[0.845s] Level 1:colcon.colcon_core.package_identification:_identify(px4_msgs) by extension 'colcon_pkg'
[0.845s] Level 1:colcon.colcon_core.package_identification:_identify(px4_msgs) by extensions ['colcon_meta']
[0.845s] Level 1:colcon.colcon_core.package_identification:_identify(px4_msgs) by extension 'colcon_meta'
[0.845s] Level 1:colcon.colcon_core.package_identification:_identify(px4_msgs) by extensions ['ros']
[0.845s] Level 1:colcon.colcon_core.package_identification:_identify(px4_msgs) by extension 'ros'
[0.846s] Level 1:colcon.colcon_core.package_identification:_identify(px4_msgs) by extensions ['cmake', 'python']
[0.846s] Level 1:colcon.colcon_core.package_identification:_identify(px4_msgs) by extension 'cmake'
[0.846s] Level 1:colcon.colcon_core.package_identification:_identify(px4_msgs) by extension 'python'
[0.846s] Level 1:colcon.colcon_core.package_identification:_identify(px4_msgs) by extensions ['python_setup_py']
[0.846s] Level 1:colcon.colcon_core.package_identification:_identify(px4_msgs) by extension 'python_setup_py'
[0.846s] Level 1:colcon.colcon_core.package_identification:_identify(px4_multi_plan) by extensions ['ignore', 'ignore_ament_install']
[0.847s] Level 1:colcon.colcon_core.package_identification:_identify(px4_multi_plan) by extension 'ignore'
[0.847s] Level 1:colcon.colcon_core.package_identification:_identify(px4_multi_plan) by extension 'ignore_ament_install'
[0.847s] Level 1:colcon.colcon_core.package_identification:_identify(px4_multi_plan) by extensions ['colcon_pkg']
[0.847s] Level 1:colcon.colcon_core.package_identification:_identify(px4_multi_plan) by extension 'colcon_pkg'
[0.847s] Level 1:colcon.colcon_core.package_identification:_identify(px4_multi_plan) by extensions ['colcon_meta']
[0.847s] Level 1:colcon.colcon_core.package_identification:_identify(px4_multi_plan) by extension 'colcon_meta'
[0.848s] Level 1:colcon.colcon_core.package_identification:_identify(px4_multi_plan) by extensions ['ros']
[0.848s] Level 1:colcon.colcon_core.package_identification:_identify(px4_multi_plan) by extension 'ros'
[0.857s] DEBUG:colcon.colcon_core.package_identification:Package 'px4_multi_plan' with type 'ros.ament_python' and name 'px4_multi_plan'
[0.857s] Level 1:colcon.colcon_core.package_identification:_identify(px4_single_plan) by extensions ['ignore', 'ignore_ament_install']
[0.857s] Level 1:colcon.colcon_core.package_identification:_identify(px4_single_plan) by extension 'ignore'
[0.858s] Level 1:colcon.colcon_core.package_identification:_identify(px4_single_plan) by extension 'ignore_ament_install'
[0.858s] Level 1:colcon.colcon_core.package_identification:_identify(px4_single_plan) by extensions ['colcon_pkg']
[0.858s] Level 1:colcon.colcon_core.package_identification:_identify(px4_single_plan) by extension 'colcon_pkg'
[0.858s] Level 1:colcon.colcon_core.package_identification:_identify(px4_single_plan) by extensions ['colcon_meta']
[0.858s] Level 1:colcon.colcon_core.package_identification:_identify(px4_single_plan) by extension 'colcon_meta'
[0.858s] Level 1:colcon.colcon_core.package_identification:_identify(px4_single_plan) by extensions ['ros']
[0.859s] Level 1:colcon.colcon_core.package_identification:_identify(px4_single_plan) by extension 'ros'
[0.861s] DEBUG:colcon.colcon_core.package_identification:Package 'px4_single_plan' with type 'ros.ament_python' and name 'px4_single_plan'
[0.861s] Level 1:colcon.colcon_core.package_discovery:discover_packages(recursive) using defaults
[0.861s] Level 1:colcon.colcon_core.package_discovery:discover_packages(ignore) discover
[0.861s] Level 1:colcon.colcon_core.package_discovery:discover_packages(ignore) using defaults
[0.861s] Level 1:colcon.colcon_core.package_discovery:discover_packages(path) discover
[0.861s] Level 1:colcon.colcon_core.package_discovery:discover_packages(path) using defaults
[0.936s] INFO:colcon.colcon_core.package_selection:Skipping not selected package 'px4_single_plan' in 'px4_single_plan'
[0.938s] Level 1:colcon.colcon_core.package_discovery:discover_packages(prefix_path) check parameters
[0.938s] Level 1:colcon.colcon_core.package_discovery:discover_packages(prefix_path) discover
[0.947s] DEBUG:colcon.colcon_installed_package_information.package_discovery:Found 2 installed packages in /home/maav/px4_ros_com_ws/install
[0.949s] DEBUG:colcon.colcon_installed_package_information.package_discovery:Found 2 installed packages in /home/maav/IARC_mission_10/software_ws/install
[0.954s] DEBUG:colcon.colcon_installed_package_information.package_discovery:Found 270 installed packages in /opt/ros/humble
[0.959s] Level 1:colcon.colcon_core.package_discovery:discover_packages(prefix_path) using defaults
[1.107s] Level 5:colcon.colcon_core.verb:set package 'px4_multi_plan' build argument 'cmake_args' from command line to 'None'
[1.107s] Level 5:colcon.colcon_core.verb:set package 'px4_multi_plan' build argument 'cmake_target' from command line to 'None'
[1.107s] Level 5:colcon.colcon_core.verb:set package 'px4_multi_plan' build argument 'cmake_target_skip_unavailable' from command line to 'False'
[1.107s] Level 5:colcon.colcon_core.verb:set package 'px4_multi_plan' build argument 'cmake_clean_cache' from command line to 'False'
[1.108s] Level 5:colcon.colcon_core.verb:set package 'px4_multi_plan' build argument 'cmake_clean_first' from command line to 'False'
[1.108s] Level 5:colcon.colcon_core.verb:set package 'px4_multi_plan' build argument 'cmake_force_configure' from command line to 'False'
[1.108s] Level 5:colcon.colcon_core.verb:set package 'px4_multi_plan' build argument 'ament_cmake_args' from command line to 'None'
[1.108s] Level 5:colcon.colcon_core.verb:set package 'px4_multi_plan' build argument 'catkin_cmake_args' from command line to 'None'
[1.108s] Level 5:colcon.colcon_core.verb:set package 'px4_multi_plan' build argument 'catkin_skip_building_tests' from command line to 'False'
[1.108s] DEBUG:colcon.colcon_core.verb:Building package 'px4_multi_plan' with the following arguments: {'ament_cmake_args': None, 'build_base': '/home/maav/px4_multi_vehicle_offboard/build/px4_multi_plan', 'catkin_cmake_args': None, 'catkin_skip_building_tests': False, 'cmake_args': None, 'cmake_clean_cache': False, 'cmake_clean_first': False, 'cmake_force_configure': False, 'cmake_target': None, 'cmake_target_skip_unavailable': False, 'install_base': '/home/maav/px4_multi_vehicle_offboard/install/px4_multi_plan', 'merge_install': False, 'path': '/home/maav/px4_multi_vehicle_offboard/px4_multi_plan', 'symlink_install': True, 'test_result_base': None}
[1.109s] INFO:colcon.colcon_core.executor:Executing jobs using 'parallel' executor
[1.112s] DEBUG:colcon.colcon_parallel_executor.executor.parallel:run_until_complete
[1.113s] INFO:colcon.colcon_ros.task.ament_python.build:Building ROS package in '/home/maav/px4_multi_vehicle_offboard/px4_multi_plan' with build type 'ament_python'
[1.114s] Level 1:colcon.colcon_core.shell:create_environment_hook('px4_multi_plan', 'ament_prefix_path')
[1.126s] INFO:colcon.colcon_core.plugin_system:Skipping extension 'colcon_core.shell.bat': Not used on non-Windows systems
[1.127s] INFO:colcon.colcon_core.shell:Creating environment hook '/home/maav/px4_multi_vehicle_offboard/install/px4_multi_plan/share/px4_multi_plan/hook/ament_prefix_path.ps1'
[1.132s] INFO:colcon.colcon_core.shell:Creating environment descriptor '/home/maav/px4_multi_vehicle_offboard/install/px4_multi_plan/share/px4_multi_plan/hook/ament_prefix_path.dsv'
[1.134s] INFO:colcon.colcon_core.shell:Creating environment hook '/home/maav/px4_multi_vehicle_offboard/install/px4_multi_plan/share/px4_multi_plan/hook/ament_prefix_path.sh'
[1.138s] INFO:colcon.colcon_core.shell:Skip shell extension 'powershell' for command environment: Not usable outside of PowerShell
[1.139s] DEBUG:colcon.colcon_core.shell:Skip shell extension 'dsv' for command environment
[2.061s] INFO:colcon.colcon_core.task.python.build:Building Python package in '/home/maav/px4_multi_vehicle_offboard/px4_multi_plan'
[2.062s] INFO:colcon.colcon_core.shell:Skip shell extension 'powershell' for command environment: Not usable outside of PowerShell
[2.062s] DEBUG:colcon.colcon_core.shell:Skip shell extension 'dsv' for command environment
[4.356s] DEBUG:colcon.colcon_core.event_handler.log_command:Invoking command in '/home/maav/px4_multi_vehicle_offboard/build/px4_multi_plan': PYTHONPATH=/home/maav/px4_multi_vehicle_offboard/build/px4_multi_plan/prefix_override:/usr/lib/python3/dist-packages/colcon_core/task/python/colcon_distutils_commands:/home/maav/px4_multi_vehicle_offboard/install/px4_multi_plan/lib/python3.10/site-packages:${PYTHONPATH} /usr/bin/python3 -W ignore:setup.py install is deprecated setup.py develop --editable --build-directory /home/maav/px4_multi_vehicle_offboard/build/px4_multi_plan/build --no-deps symlink_data
[7.245s] Level 1:colcon.colcon_core.shell:create_environment_hook('px4_multi_plan', 'pythonpath_develop')
[7.246s] DEBUG:colcon.colcon_core.event_handler.log_command:Invoked command in '/home/maav/px4_multi_vehicle_offboard/build/px4_multi_plan' returned '0': PYTHONPATH=/home/maav/px4_multi_vehicle_offboard/build/px4_multi_plan/prefix_override:/usr/lib/python3/dist-packages/colcon_core/task/python/colcon_distutils_commands:/home/maav/px4_multi_vehicle_offboard/install/px4_multi_plan/lib/python3.10/site-packages:${PYTHONPATH} /usr/bin/python3 -W ignore:setup.py install is deprecated setup.py develop --editable --build-directory /home/maav/px4_multi_vehicle_offboard/build/px4_multi_plan/build --no-deps symlink_data
[7.247s] INFO:colcon.colcon_core.shell:Creating environment hook '/home/maav/px4_multi_vehicle_offboard/build/px4_multi_plan/share/px4_multi_plan/hook/pythonpath_develop.ps1'
[7.250s] INFO:colcon.colcon_core.shell:Creating environment descriptor '/home/maav/px4_multi_vehicle_offboard/build/px4_multi_plan/share/px4_multi_plan/hook/pythonpath_develop.dsv'
[7.252s] INFO:colcon.colcon_core.shell:Creating environment hook '/home/maav/px4_multi_vehicle_offboard/build/px4_multi_plan/share/px4_multi_plan/hook/pythonpath_develop.sh'
[7.266s] Level 1:colcon.colcon_core.environment:checking '/home/maav/px4_multi_vehicle_offboard/install/px4_multi_plan' for CMake module files
[7.268s] Level 1:colcon.colcon_core.environment:checking '/home/maav/px4_multi_vehicle_offboard/install/px4_multi_plan' for CMake config files
[7.271s] Level 1:colcon.colcon_core.environment:checking '/home/maav/px4_multi_vehicle_offboard/install/px4_multi_plan/lib'
[7.271s] Level 1:colcon.colcon_core.environment:checking '/home/maav/px4_multi_vehicle_offboard/install/px4_multi_plan/bin'
[7.272s] Level 1:colcon.colcon_core.environment:checking '/home/maav/px4_multi_vehicle_offboard/install/px4_multi_plan/lib/pkgconfig/px4_multi_plan.pc'
[7.272s] Level 1:colcon.colcon_core.environment:checking '/home/maav/px4_multi_vehicle_offboard/install/px4_multi_plan/lib/python3.10/site-packages'
[7.273s] Level 1:colcon.colcon_core.shell:create_environment_hook('px4_multi_plan', 'pythonpath')
[7.273s] INFO:colcon.colcon_core.shell:Creating environment hook '/home/maav/px4_multi_vehicle_offboard/install/px4_multi_plan/share/px4_multi_plan/hook/pythonpath.ps1'
[7.275s] INFO:colcon.colcon_core.shell:Creating environment descriptor '/home/maav/px4_multi_vehicle_offboard/install/px4_multi_plan/share/px4_multi_plan/hook/pythonpath.dsv'
[7.276s] INFO:colcon.colcon_core.shell:Creating environment hook '/home/maav/px4_multi_vehicle_offboard/install/px4_multi_plan/share/px4_multi_plan/hook/pythonpath.sh'
[7.279s] Level 1:colcon.colcon_core.environment:checking '/home/maav/px4_multi_vehicle_offboard/install/px4_multi_plan/bin'
[7.279s] Level 1:colcon.colcon_core.environment:create_environment_scripts_only(px4_multi_plan)
[7.281s] INFO:colcon.colcon_core.shell:Creating package script '/home/maav/px4_multi_vehicle_offboard/install/px4_multi_plan/share/px4_multi_plan/package.ps1'
[7.284s] INFO:colcon.colcon_core.shell:Creating package descriptor '/home/maav/px4_multi_vehicle_offboard/install/px4_multi_plan/share/px4_multi_plan/package.dsv'
[7.287s] INFO:colcon.colcon_core.shell:Creating package script '/home/maav/px4_multi_vehicle_offboard/install/px4_multi_plan/share/px4_multi_plan/package.sh'
[7.290s] INFO:colcon.colcon_core.shell:Creating package script '/home/maav/px4_multi_vehicle_offboard/install/px4_multi_plan/share/px4_multi_plan/package.bash'
[7.293s] INFO:colcon.colcon_core.shell:Creating package script '/home/maav/px4_multi_vehicle_offboard/install/px4_multi_plan/share/px4_multi_plan/package.zsh'
[7.297s] Level 1:colcon.colcon_core.environment:create_file_with_runtime_dependencies(/home/maav/px4_multi_vehicle_offboard/install/px4_multi_plan/share/colcon-core/packages/px4_multi_plan)
[7.298s] DEBUG:colcon.colcon_parallel_executor.executor.parallel:closing loop
[7.299s] DEBUG:colcon.colcon_parallel_executor.executor.parallel:loop closed
[7.300s] DEBUG:colcon.colcon_parallel_executor.executor.parallel:run_until_complete finished with '0'
[7.300s] DEBUG:colcon.colcon_core.event_reactor:joining thread
[7.329s] INFO:colcon.colcon_core.plugin_system:Skipping extension 'colcon_notification.desktop_notification.terminal_notifier': Not used on non-Darwin systems
[7.330s] INFO:colcon.colcon_core.plugin_system:Skipping extension 'colcon_notification.desktop_notification.win32': Not used on non-Windows systems
[7.330s] INFO:colcon.colcon_notification.desktop_notification:Sending desktop notification using 'notify2'
[7.381s] DEBUG:colcon.colcon_core.event_reactor:joined thread
[7.382s] INFO:colcon.colcon_core.shell:Creating prefix script '/home/maav/px4_multi_vehicle_offboard/install/local_setup.ps1'
[7.385s] INFO:colcon.colcon_core.shell:Creating prefix util module '/home/maav/px4_multi_vehicle_offboard/install/_local_setup_util_ps1.py'
[7.391s] INFO:colcon.colcon_core.shell:Creating prefix chain script '/home/maav/px4_multi_vehicle_offboard/install/setup.ps1'
[7.397s] INFO:colcon.colcon_core.shell:Creating prefix script '/home/maav/px4_multi_vehicle_offboard/install/local_setup.sh'
[7.400s] INFO:colcon.colcon_core.shell:Creating prefix util module '/home/maav/px4_multi_vehicle_offboard/install/_local_setup_util_sh.py'
[7.403s] INFO:colcon.colcon_core.shell:Creating prefix chain script '/home/maav/px4_multi_vehicle_offboard/install/setup.sh'
[7.408s] INFO:colcon.colcon_core.shell:Creating prefix script '/home/maav/px4_multi_vehicle_offboard/install/local_setup.bash'
[7.410s] INFO:colcon.colcon_core.shell:Creating prefix chain script '/home/maav/px4_multi_vehicle_offboard/install/setup.bash'
[7.414s] INFO:colcon.colcon_core.shell:Creating prefix script '/home/maav/px4_multi_vehicle_offboard/install/local_setup.zsh'
[7.416s] INFO:colcon.colcon_core.shell:Creating prefix chain script '/home/maav/px4_multi_vehicle_offboard/install/setup.zsh'
