[0.491s] DEBUG:colcon:Command line arguments: ['/usr/bin/colcon', 'build', '--symlink-install', '--packages-select', 'px4_multi_plan', 'px4_single_plan~']
[0.491s] DEBUG:colcon:Parsed command line arguments: Namespace(log_base=None, log_level=None, verb_name='build', build_base='build', install_base='install', merge_install=False, symlink_install=True, test_result_base=None, continue_on_error=False, executor='parallel', parallel_workers=8, event_handlers=None, ignore_user_meta=False, metas=['./colcon.meta'], base_paths=['.'], packages_ignore=None, packages_ignore_regex=None, paths=None, packages_up_to=None, packages_up_to_regex=None, packages_above=None, packages_above_and_dependencies=None, packages_above_depth=None, packages_select_by_dep=None, packages_skip_by_dep=None, packages_skip_up_to=None, packages_select_build_failed=False, packages_skip_build_finished=False, packages_select_test_failures=False, packages_skip_test_passed=False, packages_select=['px4_multi_plan', 'px4_single_plan~'], packages_skip=None, packages_select_regex=None, packages_skip_regex=None, packages_start=None, packages_end=None, allow_overriding=[], cmake_args=None, cmake_target=None, cmake_target_skip_unavailable=False, cmake_clean_cache=False, cmake_clean_first=False, cmake_force_configure=False, ament_cmake_args=None, catkin_cmake_args=None, catkin_skip_building_tests=False, mixin_files=None, mixin=None, verb_parser=<colcon_mixin.mixin.mixin_argument.MixinArgumentDecorator object at 0x7ff957462fb0>, verb_extension=<colcon_core.verb.build.BuildVerb object at 0x7ff957567850>, main=<bound method BuildVerb.main of <colcon_core.verb.build.BuildVerb object at 0x7ff957567850>>, mixin_verb=('build',))
[0.663s] Level 1:colcon.colcon_core.package_discovery:discover_packages(colcon_meta) check parameters
[0.663s] Level 1:colcon.colcon_core.package_discovery:discover_packages(recursive) check parameters
[0.663s] Level 1:colcon.colcon_core.package_discovery:discover_packages(ignore) check parameters
[0.664s] Level 1:colcon.colcon_core.package_discovery:discover_packages(path) check parameters
[0.664s] Level 1:colcon.colcon_core.package_discovery:discover_packages(colcon_meta) discover
[0.664s] Level 1:colcon.colcon_core.package_discovery:discover_packages(recursive) discover
[0.664s] INFO:colcon.colcon_core.package_discovery:Crawling recursively for packages in '/home/maav/px4_multi_vehicle_offboard'
[0.664s] Level 1:colcon.colcon_core.package_identification:_identify(.) by extensions ['ignore', 'ignore_ament_install']
[0.665s] Level 1:colcon.colcon_core.package_identification:_identify(.) by extension 'ignore'
[0.665s] Level 1:colcon.colcon_core.package_identification:_identify(.) by extension 'ignore_ament_install'
[0.665s] Level 1:colcon.colcon_core.package_identification:_identify(.) by extensions ['colcon_pkg']
[0.665s] Level 1:colcon.colcon_core.package_identification:_identify(.) by extension 'colcon_pkg'
[0.666s] Level 1:colcon.colcon_core.package_identification:_identify(.) by extensions ['colcon_meta']
[0.666s] Level 1:colcon.colcon_core.package_identification:_identify(.) by extension 'colcon_meta'
[0.666s] Level 1:colcon.colcon_core.package_identification:_identify(.) by extensions ['ros']
[0.666s] Level 1:colcon.colcon_core.package_identification:_identify(.) by extension 'ros'
[0.728s] Level 1:colcon.colcon_core.package_identification:_identify(.) by extensions ['cmake', 'python']
[0.729s] Level 1:colcon.colcon_core.package_identification:_identify(.) by extension 'cmake'
[0.729s] Level 1:colcon.colcon_core.package_identification:_identify(.) by extension 'python'
[0.729s] Level 1:colcon.colcon_core.package_identification:_identify(.) by extensions ['python_setup_py']
[0.729s] Level 1:colcon.colcon_core.package_identification:_identify(.) by extension 'python_setup_py'
[0.730s] Level 1:colcon.colcon_core.package_identification:_identify(build) by extensions ['ignore', 'ignore_ament_install']
[0.730s] Level 1:colcon.colcon_core.package_identification:_identify(build) by extension 'ignore'
[0.730s] Level 1:colcon.colcon_core.package_identification:_identify(build) ignored
[0.731s] Level 1:colcon.colcon_core.package_identification:_identify(install) by extensions ['ignore', 'ignore_ament_install']
[0.731s] Level 1:colcon.colcon_core.package_identification:_identify(install) by extension 'ignore'
[0.731s] Level 1:colcon.colcon_core.package_identification:_identify(install) ignored
[0.731s] Level 1:colcon.colcon_core.package_identification:_identify(log) by extensions ['ignore', 'ignore_ament_install']
[0.732s] Level 1:colcon.colcon_core.package_identification:_identify(log) by extension 'ignore'
[0.732s] Level 1:colcon.colcon_core.package_identification:_identify(log) ignored
[0.732s] Level 1:colcon.colcon_core.package_identification:_identify(px4_msgs) by extensions ['ignore', 'ignore_ament_install']
[0.733s] Level 1:colcon.colcon_core.package_identification:_identify(px4_msgs) by extension 'ignore'
[0.733s] Level 1:colcon.colcon_core.package_identification:_identify(px4_msgs) by extension 'ignore_ament_install'
[0.733s] Level 1:colcon.colcon_core.package_identification:_identify(px4_msgs) by extensions ['colcon_pkg']
[0.733s] Level 1:colcon.colcon_core.package_identification:_identify(px4_msgs) by extension 'colcon_pkg'
[0.733s] Level 1:colcon.colcon_core.package_identification:_identify(px4_msgs) by extensions ['colcon_meta']
[0.733s] Level 1:colcon.colcon_core.package_identification:_identify(px4_msgs) by extension 'colcon_meta'
[0.734s] Level 1:colcon.colcon_core.package_identification:_identify(px4_msgs) by extensions ['ros']
[0.734s] Level 1:colcon.colcon_core.package_identification:_identify(px4_msgs) by extension 'ros'
[0.734s] Level 1:colcon.colcon_core.package_identification:_identify(px4_msgs) by extensions ['cmake', 'python']
[0.734s] Level 1:colcon.colcon_core.package_identification:_identify(px4_msgs) by extension 'cmake'
[0.734s] Level 1:colcon.colcon_core.package_identification:_identify(px4_msgs) by extension 'python'
[0.735s] Level 1:colcon.colcon_core.package_identification:_identify(px4_msgs) by extensions ['python_setup_py']
[0.735s] Level 1:colcon.colcon_core.package_identification:_identify(px4_msgs) by extension 'python_setup_py'
[0.735s] Level 1:colcon.colcon_core.package_identification:_identify(px4_multi_plan) by extensions ['ignore', 'ignore_ament_install']
[0.735s] Level 1:colcon.colcon_core.package_identification:_identify(px4_multi_plan) by extension 'ignore'
[0.736s] Level 1:colcon.colcon_core.package_identification:_identify(px4_multi_plan) by extension 'ignore_ament_install'
[0.736s] Level 1:colcon.colcon_core.package_identification:_identify(px4_multi_plan) by extensions ['colcon_pkg']
[0.736s] Level 1:colcon.colcon_core.package_identification:_identify(px4_multi_plan) by extension 'colcon_pkg'
[0.736s] Level 1:colcon.colcon_core.package_identification:_identify(px4_multi_plan) by extensions ['colcon_meta']
[0.736s] Level 1:colcon.colcon_core.package_identification:_identify(px4_multi_plan) by extension 'colcon_meta'
[0.736s] Level 1:colcon.colcon_core.package_identification:_identify(px4_multi_plan) by extensions ['ros']
[0.737s] Level 1:colcon.colcon_core.package_identification:_identify(px4_multi_plan) by extension 'ros'
[0.746s] DEBUG:colcon.colcon_core.package_identification:Package 'px4_multi_plan' with type 'ros.ament_python' and name 'px4_multi_plan'
[0.747s] Level 1:colcon.colcon_core.package_identification:_identify(px4_single_plan) by extensions ['ignore', 'ignore_ament_install']
[0.747s] Level 1:colcon.colcon_core.package_identification:_identify(px4_single_plan) by extension 'ignore'
[0.747s] Level 1:colcon.colcon_core.package_identification:_identify(px4_single_plan) by extension 'ignore_ament_install'
[0.748s] Level 1:colcon.colcon_core.package_identification:_identify(px4_single_plan) by extensions ['colcon_pkg']
[0.748s] Level 1:colcon.colcon_core.package_identification:_identify(px4_single_plan) by extension 'colcon_pkg'
[0.748s] Level 1:colcon.colcon_core.package_identification:_identify(px4_single_plan) by extensions ['colcon_meta']
[0.748s] Level 1:colcon.colcon_core.package_identification:_identify(px4_single_plan) by extension 'colcon_meta'
[0.748s] Level 1:colcon.colcon_core.package_identification:_identify(px4_single_plan) by extensions ['ros']
[0.749s] Level 1:colcon.colcon_core.package_identification:_identify(px4_single_plan) by extension 'ros'
[0.751s] DEBUG:colcon.colcon_core.package_identification:Package 'px4_single_plan' with type 'ros.ament_python' and name 'px4_single_plan'
[0.751s] Level 1:colcon.colcon_core.package_discovery:discover_packages(recursive) using defaults
[0.751s] Level 1:colcon.colcon_core.package_discovery:discover_packages(ignore) discover
[0.751s] Level 1:colcon.colcon_core.package_discovery:discover_packages(ignore) using defaults
[0.751s] Level 1:colcon.colcon_core.package_discovery:discover_packages(path) discover
[0.752s] Level 1:colcon.colcon_core.package_discovery:discover_packages(path) using defaults
[0.752s] WARNING:colcon.colcon_core.package_selection:ignoring unknown package 'px4_single_plan~' in --packages-select
[0.838s] INFO:colcon.colcon_core.package_selection:Skipping not selected package 'px4_single_plan' in 'px4_single_plan'
[0.840s] Level 1:colcon.colcon_core.package_discovery:discover_packages(prefix_path) check parameters
[0.840s] Level 1:colcon.colcon_core.package_discovery:discover_packages(prefix_path) discover
[0.849s] DEBUG:colcon.colcon_installed_package_information.package_discovery:Found 2 installed packages in /home/maav/px4_ros_com_ws/install
[0.851s] DEBUG:colcon.colcon_installed_package_information.package_discovery:Found 2 installed packages in /home/maav/IARC_mission_10/software_ws/install
[0.856s] DEBUG:colcon.colcon_installed_package_information.package_discovery:Found 270 installed packages in /opt/ros/humble
[0.861s] Level 1:colcon.colcon_core.package_discovery:discover_packages(prefix_path) using defaults
[1.004s] Level 5:colcon.colcon_core.verb:set package 'px4_multi_plan' build argument 'cmake_args' from command line to 'None'
[1.004s] Level 5:colcon.colcon_core.verb:set package 'px4_multi_plan' build argument 'cmake_target' from command line to 'None'
[1.004s] Level 5:colcon.colcon_core.verb:set package 'px4_multi_plan' build argument 'cmake_target_skip_unavailable' from command line to 'False'
[1.005s] Level 5:colcon.colcon_core.verb:set package 'px4_multi_plan' build argument 'cmake_clean_cache' from command line to 'False'
[1.005s] Level 5:colcon.colcon_core.verb:set package 'px4_multi_plan' build argument 'cmake_clean_first' from command line to 'False'
[1.005s] Level 5:colcon.colcon_core.verb:set package 'px4_multi_plan' build argument 'cmake_force_configure' from command line to 'False'
[1.005s] Level 5:colcon.colcon_core.verb:set package 'px4_multi_plan' build argument 'ament_cmake_args' from command line to 'None'
[1.005s] Level 5:colcon.colcon_core.verb:set package 'px4_multi_plan' build argument 'catkin_cmake_args' from command line to 'None'
[1.005s] Level 5:colcon.colcon_core.verb:set package 'px4_multi_plan' build argument 'catkin_skip_building_tests' from command line to 'False'
[1.005s] DEBUG:colcon.colcon_core.verb:Building package 'px4_multi_plan' with the following arguments: {'ament_cmake_args': None, 'build_base': '/home/maav/px4_multi_vehicle_offboard/build/px4_multi_plan', 'catkin_cmake_args': None, 'catkin_skip_building_tests': False, 'cmake_args': None, 'cmake_clean_cache': False, 'cmake_clean_first': False, 'cmake_force_configure': False, 'cmake_target': None, 'cmake_target_skip_unavailable': False, 'install_base': '/home/maav/px4_multi_vehicle_offboard/install/px4_multi_plan', 'merge_install': False, 'path': '/home/maav/px4_multi_vehicle_offboard/px4_multi_plan', 'symlink_install': True, 'test_result_base': None}
[1.006s] INFO:colcon.colcon_core.executor:Executing jobs using 'parallel' executor
[1.008s] DEBUG:colcon.colcon_parallel_executor.executor.parallel:run_until_complete
[1.009s] INFO:colcon.colcon_ros.task.ament_python.build:Building ROS package in '/home/maav/px4_multi_vehicle_offboard/px4_multi_plan' with build type 'ament_python'
[1.009s] Level 1:colcon.colcon_core.shell:create_environment_hook('px4_multi_plan', 'ament_prefix_path')
[1.018s] INFO:colcon.colcon_core.plugin_system:Skipping extension 'colcon_core.shell.bat': Not used on non-Windows systems
[1.019s] INFO:colcon.colcon_core.shell:Creating environment hook '/home/maav/px4_multi_vehicle_offboard/install/px4_multi_plan/share/px4_multi_plan/hook/ament_prefix_path.ps1'
[1.022s] INFO:colcon.colcon_core.shell:Creating environment descriptor '/home/maav/px4_multi_vehicle_offboard/install/px4_multi_plan/share/px4_multi_plan/hook/ament_prefix_path.dsv'
[1.023s] INFO:colcon.colcon_core.shell:Creating environment hook '/home/maav/px4_multi_vehicle_offboard/install/px4_multi_plan/share/px4_multi_plan/hook/ament_prefix_path.sh'
[1.026s] INFO:colcon.colcon_core.shell:Skip shell extension 'powershell' for command environment: Not usable outside of PowerShell
[1.026s] DEBUG:colcon.colcon_core.shell:Skip shell extension 'dsv' for command environment
[1.794s] INFO:colcon.colcon_core.task.python.build:Building Python package in '/home/maav/px4_multi_vehicle_offboard/px4_multi_plan'
[1.795s] INFO:colcon.colcon_core.shell:Skip shell extension 'powershell' for command environment: Not usable outside of PowerShell
[1.795s] DEBUG:colcon.colcon_core.shell:Skip shell extension 'dsv' for command environment
[3.897s] DEBUG:colcon.colcon_core.event_handler.log_command:Invoking command in '/home/maav/px4_multi_vehicle_offboard/build/px4_multi_plan': PYTHONPATH=/home/maav/px4_multi_vehicle_offboard/build/px4_multi_plan/prefix_override:/usr/lib/python3/dist-packages/colcon_core/task/python/colcon_distutils_commands:/home/maav/px4_multi_vehicle_offboard/install/px4_multi_plan/lib/python3.10/site-packages:${PYTHONPATH} /usr/bin/python3 -W ignore:setup.py install is deprecated setup.py develop --editable --build-directory /home/maav/px4_multi_vehicle_offboard/build/px4_multi_plan/build --no-deps symlink_data
[6.591s] Level 1:colcon.colcon_core.shell:create_environment_hook('px4_multi_plan', 'pythonpath_develop')
[6.592s] INFO:colcon.colcon_core.shell:Creating environment hook '/home/maav/px4_multi_vehicle_offboard/build/px4_multi_plan/share/px4_multi_plan/hook/pythonpath_develop.ps1'
[6.593s] DEBUG:colcon.colcon_core.event_handler.log_command:Invoked command in '/home/maav/px4_multi_vehicle_offboard/build/px4_multi_plan' returned '0': PYTHONPATH=/home/maav/px4_multi_vehicle_offboard/build/px4_multi_plan/prefix_override:/usr/lib/python3/dist-packages/colcon_core/task/python/colcon_distutils_commands:/home/maav/px4_multi_vehicle_offboard/install/px4_multi_plan/lib/python3.10/site-packages:${PYTHONPATH} /usr/bin/python3 -W ignore:setup.py install is deprecated setup.py develop --editable --build-directory /home/maav/px4_multi_vehicle_offboard/build/px4_multi_plan/build --no-deps symlink_data
[6.596s] INFO:colcon.colcon_core.shell:Creating environment descriptor '/home/maav/px4_multi_vehicle_offboard/build/px4_multi_plan/share/px4_multi_plan/hook/pythonpath_develop.dsv'
[6.597s] INFO:colcon.colcon_core.shell:Creating environment hook '/home/maav/px4_multi_vehicle_offboard/build/px4_multi_plan/share/px4_multi_plan/hook/pythonpath_develop.sh'
[6.610s] Level 1:colcon.colcon_core.environment:checking '/home/maav/px4_multi_vehicle_offboard/install/px4_multi_plan' for CMake module files
[6.611s] Level 1:colcon.colcon_core.environment:checking '/home/maav/px4_multi_vehicle_offboard/install/px4_multi_plan' for CMake config files
[6.614s] Level 1:colcon.colcon_core.environment:checking '/home/maav/px4_multi_vehicle_offboard/install/px4_multi_plan/lib'
[6.614s] Level 1:colcon.colcon_core.environment:checking '/home/maav/px4_multi_vehicle_offboard/install/px4_multi_plan/bin'
[6.615s] Level 1:colcon.colcon_core.environment:checking '/home/maav/px4_multi_vehicle_offboard/install/px4_multi_plan/lib/pkgconfig/px4_multi_plan.pc'
[6.615s] Level 1:colcon.colcon_core.environment:checking '/home/maav/px4_multi_vehicle_offboard/install/px4_multi_plan/lib/python3.10/site-packages'
[6.616s] Level 1:colcon.colcon_core.shell:create_environment_hook('px4_multi_plan', 'pythonpath')
[6.616s] INFO:colcon.colcon_core.shell:Creating environment hook '/home/maav/px4_multi_vehicle_offboard/install/px4_multi_plan/share/px4_multi_plan/hook/pythonpath.ps1'
[6.618s] INFO:colcon.colcon_core.shell:Creating environment descriptor '/home/maav/px4_multi_vehicle_offboard/install/px4_multi_plan/share/px4_multi_plan/hook/pythonpath.dsv'
[6.619s] INFO:colcon.colcon_core.shell:Creating environment hook '/home/maav/px4_multi_vehicle_offboard/install/px4_multi_plan/share/px4_multi_plan/hook/pythonpath.sh'
[6.621s] Level 1:colcon.colcon_core.environment:checking '/home/maav/px4_multi_vehicle_offboard/install/px4_multi_plan/bin'
[6.621s] Level 1:colcon.colcon_core.environment:create_environment_scripts_only(px4_multi_plan)
[6.623s] INFO:colcon.colcon_core.shell:Creating package script '/home/maav/px4_multi_vehicle_offboard/install/px4_multi_plan/share/px4_multi_plan/package.ps1'
[6.626s] INFO:colcon.colcon_core.shell:Creating package descriptor '/home/maav/px4_multi_vehicle_offboard/install/px4_multi_plan/share/px4_multi_plan/package.dsv'
[6.628s] INFO:colcon.colcon_core.shell:Creating package script '/home/maav/px4_multi_vehicle_offboard/install/px4_multi_plan/share/px4_multi_plan/package.sh'
[6.632s] INFO:colcon.colcon_core.shell:Creating package script '/home/maav/px4_multi_vehicle_offboard/install/px4_multi_plan/share/px4_multi_plan/package.bash'
[6.635s] INFO:colcon.colcon_core.shell:Creating package script '/home/maav/px4_multi_vehicle_offboard/install/px4_multi_plan/share/px4_multi_plan/package.zsh'
[6.638s] Level 1:colcon.colcon_core.environment:create_file_with_runtime_dependencies(/home/maav/px4_multi_vehicle_offboard/install/px4_multi_plan/share/colcon-core/packages/px4_multi_plan)
[6.639s] DEBUG:colcon.colcon_parallel_executor.executor.parallel:closing loop
[6.640s] DEBUG:colcon.colcon_parallel_executor.executor.parallel:loop closed
[6.641s] DEBUG:colcon.colcon_parallel_executor.executor.parallel:run_until_complete finished with '0'
[6.642s] DEBUG:colcon.colcon_core.event_reactor:joining thread
[6.665s] INFO:colcon.colcon_core.plugin_system:Skipping extension 'colcon_notification.desktop_notification.terminal_notifier': Not used on non-Darwin systems
[6.666s] INFO:colcon.colcon_core.plugin_system:Skipping extension 'colcon_notification.desktop_notification.win32': Not used on non-Windows systems
[6.666s] INFO:colcon.colcon_notification.desktop_notification:Sending desktop notification using 'notify2'
[6.744s] DEBUG:colcon.colcon_core.event_reactor:joined thread
[6.745s] INFO:colcon.colcon_core.shell:Creating prefix script '/home/maav/px4_multi_vehicle_offboard/install/local_setup.ps1'
[6.749s] INFO:colcon.colcon_core.shell:Creating prefix util module '/home/maav/px4_multi_vehicle_offboard/install/_local_setup_util_ps1.py'
[6.755s] INFO:colcon.colcon_core.shell:Creating prefix chain script '/home/maav/px4_multi_vehicle_offboard/install/setup.ps1'
[6.760s] INFO:colcon.colcon_core.shell:Creating prefix script '/home/maav/px4_multi_vehicle_offboard/install/local_setup.sh'
[6.763s] INFO:colcon.colcon_core.shell:Creating prefix util module '/home/maav/px4_multi_vehicle_offboard/install/_local_setup_util_sh.py'
[6.766s] INFO:colcon.colcon_core.shell:Creating prefix chain script '/home/maav/px4_multi_vehicle_offboard/install/setup.sh'
[6.771s] INFO:colcon.colcon_core.shell:Creating prefix script '/home/maav/px4_multi_vehicle_offboard/install/local_setup.bash'
[6.773s] INFO:colcon.colcon_core.shell:Creating prefix chain script '/home/maav/px4_multi_vehicle_offboard/install/setup.bash'
[6.778s] INFO:colcon.colcon_core.shell:Creating prefix script '/home/maav/px4_multi_vehicle_offboard/install/local_setup.zsh'
[6.780s] INFO:colcon.colcon_core.shell:Creating prefix chain script '/home/maav/px4_multi_vehicle_offboard/install/setup.zsh'
