[2.886s] Invoking command in '/home/maav/px4_multi_vehicle_offboard/build/px4_multi_plan': PYTHONPATH=/home/maav/px4_multi_vehicle_offboard/build/px4_multi_plan/prefix_override:/usr/lib/python3/dist-packages/colcon_core/task/python/colcon_distutils_commands:/home/maav/px4_multi_vehicle_offboard/install/px4_multi_plan/lib/python3.10/site-packages:${PYTHONPATH} /usr/bin/python3 -W ignore:setup.py install is deprecated setup.py develop --editable --build-directory /home/maav/px4_multi_vehicle_offboard/build/px4_multi_plan/build --no-deps symlink_data
[4.246s] running develop
[4.247s] /home/maav/.local/lib/python3.10/site-packages/setuptools/command/develop.py:41: EasyInstallDeprecationWarning: easy_install command is deprecated.
[4.248s] !!
[4.248s] 
[4.248s]         ********************************************************************************
[4.249s]         Please avoid running ``setup.py`` and ``easy_install``.
[4.249s]         Instead, use pypa/build, pypa/installer or other
[4.249s]         standards-based tools.
[4.250s] 
[4.250s]         See https://github.com/pypa/setuptools/issues/917 for details.
[4.251s]         ********************************************************************************
[4.251s] 
[4.251s] !!
[4.252s]   easy_install.initialize_options(self)
[5.209s] running egg_info
[5.274s] writing px4_multi_plan.egg-info/PKG-INFO
[5.276s] writing dependency_links to px4_multi_plan.egg-info/dependency_links.txt
[5.277s] writing entry points to px4_multi_plan.egg-info/entry_points.txt
[5.277s] writing requirements to px4_multi_plan.egg-info/requires.txt
[5.278s] writing top-level names to px4_multi_plan.egg-info/top_level.txt
[5.415s] reading manifest file 'px4_multi_plan.egg-info/SOURCES.txt'
[5.420s] writing manifest file 'px4_multi_plan.egg-info/SOURCES.txt'
[5.491s] running build_ext
[5.492s] Creating /home/maav/px4_multi_vehicle_offboard/install/px4_multi_plan/lib/python3.10/site-packages/px4-multi-plan.egg-link (link to .)
[5.495s] Installing control script to /home/maav/px4_multi_vehicle_offboard/install/px4_multi_plan/lib/px4_multi_plan
[5.495s] Installing offboard_control script to /home/maav/px4_multi_vehicle_offboard/install/px4_multi_plan/lib/px4_multi_plan
[5.496s] Installing processes script to /home/maav/px4_multi_vehicle_offboard/install/px4_multi_plan/lib/px4_multi_plan
[5.497s] Installing simulation_node script to /home/maav/px4_multi_vehicle_offboard/install/px4_multi_plan/lib/px4_multi_plan
[5.497s] Installing velocity_control_1 script to /home/maav/px4_multi_vehicle_offboard/install/px4_multi_plan/lib/px4_multi_plan
[5.498s] Installing velocity_control_2 script to /home/maav/px4_multi_vehicle_offboard/install/px4_multi_plan/lib/px4_multi_plan
[5.498s] Installing velocity_control_3 script to /home/maav/px4_multi_vehicle_offboard/install/px4_multi_plan/lib/px4_multi_plan
[5.499s] 
[5.500s] Installed /home/maav/px4_multi_vehicle_offboard/build/px4_multi_plan
[5.500s] running symlink_data
[5.582s] Invoked command in '/home/maav/px4_multi_vehicle_offboard/build/px4_multi_plan' returned '0': PYTHONPATH=/home/maav/px4_multi_vehicle_offboard/build/px4_multi_plan/prefix_override:/usr/lib/python3/dist-packages/colcon_core/task/python/colcon_distutils_commands:/home/maav/px4_multi_vehicle_offboard/install/px4_multi_plan/lib/python3.10/site-packages:${PYTHONPATH} /usr/bin/python3 -W ignore:setup.py install is deprecated setup.py develop --editable --build-directory /home/maav/px4_multi_vehicle_offboard/build/px4_multi_plan/build --no-deps symlink_data
